<?xml version="1.0" encoding="UTF-8"?>
<!-- Generated by org.testng.reporters.JUnitReportReporter -->
<testsuite hostname="DESKTOP-2TNGDQE" failures="0" tests="4" name="com.HouseRental.OwnarModule.InApartmentRegistrationPageVerifyTheProperErrorMessage" time="13.037" errors="0" timestamp="2022-08-16T17:45:01 IST" skipped="0">
  <testcase classname="com.HouseRental.OwnarModule.InApartmentRegistrationPageVerifyTheProperErrorMessage" name="InApartmentRegistrationPageVerifyTheProperErrorMessage" time="4.322"/>
  <system-out/>
  <testcase classname="com.HouseRental.OwnarModule.InApartmentRegistrationPageVerifyTheProperErrorMessage" name="VerifyIndividualRegisterPageDetails" time="1.351"/>
  <system-out/>
  <testcase classname="com.HouseRental.OwnarModule.InApartmentRegistrationPageVerifyTheProperErrorMessage" name="verifyApartmentRegistrationPageDetails" time="2.579"/>
  <system-out/>
  <testcase classname="com.HouseRental.OwnarModule.InApartmentRegistrationPageVerifyTheProperErrorMessage" name="VerifyTheOwnerCreatedRoomApartmentDetailsInTheRegisteredRooms" time="4.785"/>
  <system-out/>
</testsuite> <!-- com.HouseRental.OwnarModule.InApartmentRegistrationPageVerifyTheProperErrorMessage -->
